make all --print-data-base --no-builtin-variables --no-builtin-rules --question
# GNU Make 3.81
# Copyright (C) 2006  Free Software Foundation, Inc.
# This is free software; see the source for copying conditions.
# There is NO warranty; not even for MERCHANTABILITY or FITNESS FOR A
# PARTICULAR PURPOSE.

# This program built for i386-apple-darwin11.3.0

# Make data base, printed on Tue Jun 14 03:18:42 2022

# Variables

# automatic
<D = $(patsubst %/,%,$(dir $<))
# automatic
?F = $(notdir $?)
# environment
VSCODE_LOG_NATIVE = false
# automatic
?D = $(patsubst %/,%,$(dir $?))
# automatic
@D = $(patsubst %/,%,$(dir $@))
# automatic
@F = $(notdir $@)
# makefile
CURDIR := /Users/huaish/github/Programming2_Final_project
# makefile
SHELL = /bin/sh
# environment
VSCODE_NLS_CONFIG = {"locale":"en-us","availableLanguages":{},"_languagePackSupport":true}
# environment
_ = /usr/bin/make
# makefile (from `Makefile', line 4)
main_OBJ := skillFunc.o utilityFunc.o vector.o
# makefile (from `Makefile', line 1)
MAKEFILE_LIST :=  Makefile
# environment
VSCODE_VERBOSE_LOGGING = true
# environment
__CFBundleIdentifier = com.microsoft.VSCode
# environment
VSCODE_IPC_HOOK_EXTHOST = /var/folders/t9/x3kmzm253tx9wfws3zg0drj40000gn/T/vscode-ipc-0c7b4a8d-2229-4cba-8448-7c6a85c5d62e.sock
# environment
VSCODE_CWD = /
# environment
PATH = /usr/local/bin:/usr/bin:/bin:/usr/sbin:/sbin:/Library/Apple/usr/bin
# environment
VSCODE_LOG_STACK = false
# environment
ELECTRON_RUN_AS_NODE = 1
# makefile (from `Makefile', line 2)
LDFLAGS := -lm
# default
.FEATURES := target-specific order-only second-expansion else-if archives jobserver check-symlink
# environment
SSH_AUTH_SOCK = /private/tmp/com.apple.launchd.73Nc4vQnqf/Listeners
# automatic
%F = $(notdir $%)
# environment
VSCODE_PIPE_LOGGING = true
# environment
PWD = /Users/huaish/github/Programming2_Final_project
# environment
ORIGINAL_XDG_CURRENT_DESKTOP = undefined
# environment
VSCODE_AMD_ENTRYPOINT = vs/workbench/api/node/extensionHostProcess
# environment
HOME = /Users/huaish
# default
MAKEFILEPATH = $(shell /usr/bin/xcode-select -print-path 2>/dev/null || echo /Developer)/Makefiles
# environment
VSCODE_CODE_CACHE_PATH = /Users/huaish/Library/Application Support/Code/CachedData/4af164ea3a06f701fe3e89a2bcbb421d2026b68f
# environment
LOGNAME = huaish
# environment
APPLICATION_INSIGHTS_NO_DIAGNOSTIC_CHANNEL = 1
# environment
VSCODE_HANDLES_UNCAUGHT_ERRORS = true
# automatic
^D = $(patsubst %/,%,$(dir $^))
# environment
XPC_FLAGS = 0x0
# default
MAKE = $(MAKE_COMMAND)
# default
MAKECMDGOALS := all
# environment
SHLVL = 1
# makefile (from `Makefile', line 1)
CC := gcc
# default
MAKE_VERSION := 3.81
# environment
USER = huaish
# makefile
.DEFAULT_GOAL := all
# automatic
%D = $(patsubst %/,%,$(dir $%))
# default
MAKE_COMMAND := /Library/Developer/CommandLineTools/usr/bin/make
# default
.VARIABLES := 
# environment
TMPDIR = /var/folders/t9/x3kmzm253tx9wfws3zg0drj40000gn/T/
# automatic
*F = $(notdir $*)
# environment
VSCODE_IPC_HOOK = /Users/huaish/Library/Application Support/Code/1.68.0-main.sock
# makefile (from `Makefile', line 3)
TARGETS := main
# makefile
MAKEFLAGS = Rrqp
# environment
MFLAGS = -Rrqp
# automatic
*D = $(patsubst %/,%,$(dir $*))
# environment
XPC_SERVICE_NAME = application.com.microsoft.VSCode.9987718.9987724
# automatic
+D = $(patsubst %/,%,$(dir $+))
# automatic
+F = $(notdir $+)
# environment
__CF_USER_TEXT_ENCODING = 0x1F5:0x0:0x0
# environment
COMMAND_MODE = unix2003
# default
MAKEFILES := 
# automatic
<F = $(notdir $<)
# environment
LC_ALL = C
# automatic
^F = $(notdir $^)
# default
SUFFIXES := 
# default
.INCLUDE_DIRS = /usr/local/include
# environment
MAKELEVEL := 0
# environment
LANG = C
# environment
VSCODE_PID = 29516
# variable set hash-table stats:
# Load=66/1024=6%, Rehash=0, Collisions=1/93=1%

# Pattern-specific Variable Values

# No pattern-specific variable values.

# Directories

# . (device 16777221, inode 9993491): 27 files, no impossibilities.

# 27 files, no impossibilities in 1 directories.

# Implicit Rules

%.o: %.c
#  commands to execute (from `Makefile', line 15):
	$(CC) -c $^ -o $@
	

# 1 implicit rules, 0 (0.0%) terminal.

# Files

all: main
#  Phony target (prerequisite of .PHONY).
#  Command-line target.
#  Implicit rule search has not been done.
#  File does not exist.
#  File has been updated.
#  Successfully updated.
# variable set hash-table stats:
# Load=0/32=0%, Rehash=0, Collisions=0/0=0%

.PHONY: all clean
#  Implicit rule search has not been done.
#  Modification time never checked.
#  File has not been updated.

utilityFunc.o: utilityFunc.c
#  Implicit rule search has been done.
#  Implicit/static pattern stem: `utilityFunc'
#  Last modified 2022-06-13 23:33:22
#  File has been updated.
#  Successfully updated.
# automatic
# @ := utilityFunc.o
# automatic
# % := 
# automatic
# * := utilityFunc
# automatic
# + := 
# automatic
# | := 
# automatic
# < := utilityFunc.o
# automatic
# ^ := 
# automatic
# ? := 
# variable set hash-table stats:
# Load=8/32=25%, Rehash=0, Collisions=1/9=11%
#  commands to execute (from `Makefile', line 15):
	$(CC) -c $^ -o $@
	

# Not a target:
.SUFFIXES:
#  Implicit rule search has not been done.
#  Modification time never checked.
#  File has not been updated.

# Not a target:
Makefile:
#  Implicit rule search has been done.
#  Last modified 2022-06-13 22:18:13
#  File has been updated.
#  Successfully updated.
# variable set hash-table stats:
# Load=0/32=0%, Rehash=0, Collisions=0/0=0%

skillFunc.o: skillFunc.c
#  Implicit rule search has been done.
#  Implicit/static pattern stem: `skillFunc'
#  Last modified 2022-06-13 23:33:22
#  File has been updated.
#  Successfully updated.
# automatic
# @ := skillFunc.o
# automatic
# % := 
# automatic
# * := skillFunc
# automatic
# + := 
# automatic
# | := 
# automatic
# < := skillFunc.o
# automatic
# ^ := 
# automatic
# ? := 
# variable set hash-table stats:
# Load=8/32=25%, Rehash=0, Collisions=1/9=11%
#  commands to execute (from `Makefile', line 15):
	$(CC) -c $^ -o $@
	

.SECONDEXPANSION:
#  Implicit rule search has not been done.
#  Modification time never checked.
#  File has not been updated.

# Not a target:
utilityFunc.c:
#  Implicit rule search has been done.
#  Last modified 2022-06-13 23:30:37
#  File has been updated.
#  Successfully updated.
# variable set hash-table stats:
# Load=0/32=0%, Rehash=0, Collisions=0/0=0%

vector.o: vector.c
#  Implicit rule search has been done.
#  Implicit/static pattern stem: `vector'
#  Last modified 2022-06-13 23:33:22
#  File has been updated.
#  Successfully updated.
# automatic
# @ := vector.o
# automatic
# % := 
# automatic
# * := vector
# automatic
# + := 
# automatic
# | := 
# automatic
# < := vector.o
# automatic
# ^ := 
# automatic
# ? := 
# variable set hash-table stats:
# Load=8/32=25%, Rehash=0, Collisions=1/9=11%
#  commands to execute (from `Makefile', line 15):
	$(CC) -c $^ -o $@
	

# Not a target:
.DEFAULT:
#  Implicit rule search has not been done.
#  Modification time never checked.
#  File has not been updated.

clean:
#  Phony target (prerequisite of .PHONY).
#  Implicit rule search has not been done.
#  File does not exist.
#  File has not been updated.
#  commands to execute (from `Makefile', line 20):
	rm -rf $(TARGETS) $(foreach targ,$(TARGETS),$(foreach obj, $($(targ)_OBJ), $(obj)))
	

# Not a target:
skillFunc.c:
#  Implicit rule search has been done.
#  Last modified 2022-06-13 23:32:28
#  File has been updated.
#  Successfully updated.
# variable set hash-table stats:
# Load=0/32=0%, Rehash=0, Collisions=0/0=0%

main: skillFunc.o utilityFunc.o vector.o
#  Implicit rule search has not been done.
#  Implicit/static pattern stem: `'
#  Last modified 2022-06-13 23:33:22
#  File has been updated.
#  Successfully updated.
# automatic
# @ := main
# automatic
# % := 
# automatic
# * := 
# automatic
# + := 
# automatic
# | := 
# automatic
# < := 
# automatic
# ^ := 
# automatic
# ? := 
# variable set hash-table stats:
# Load=8/32=25%, Rehash=0, Collisions=3/10=30%
#  commands to execute (from `Makefile', line 12):
	$(CC) $@.c $^ -o $@ $(LDFLAGS)
	

# Not a target:
vector.c:
#  Implicit rule search has been done.
#  Last modified 2022-06-13 22:17:55
#  File has been updated.
#  Successfully updated.
 
# variable set hash-table stats:
# Load=0/32=0%, Rehash=0, Collisions=0/0=0%

# files hash-table stats:
# Load=14/1024=1%, Rehash=0, Collisions=0/44=0%
# VPATH Search Paths

# No `vpath' search paths.

# No general (`VPATH' variable) search path.

# # of strings in strcache: 1
# # of strcache buffers: 1
# strcache size: total = 4096 / max = 4096 / min = 4096 / avg = 4096
# strcache free: total = 4087 / max = 4087 / min = 4087 / avg = 4087

# Finished Make data base on Tue Jun 14 03:18:42 2022

 
